<?xml version="1.0" encoding="UTF-8"?>
<!-- Generated by org.testng.reporters.JUnitXMLReporter -->
<testsuite ignored="0" hostname="IN-PG03526Q" failures="0" tests="3" name="Default test" time="19.885" errors="0" timestamp="2024-05-16T19:42:59 IST">
  <testcase classname="tests.TestGroceryCategory" name="VerifyGroceryCategory" time="9.351"/>
  <testcase classname="tests.TestGroceryCategory" name="VerifyPincodeEnter" time="0.176"/>
  <testcase classname="tests.TestGroceryCategory" name="VerifySearchProduct" time="5.928"/>
</testsuite> <!-- Default test -->
