<?xml version="1.0" encoding="UTF-8"?>
<testng-results ignored="0" total="3" passed="3" failed="0" skipped="0">
  <reporter-output>
  </reporter-output>
  <suite started-at="2024-05-16T20:30:07 IST" name="Suite" finished-at="2024-05-16T20:31:45 IST" duration-ms="98007">
    <groups>
    </groups>
    <test started-at="2024-05-16T20:30:07 IST" name="Test" finished-at="2024-05-16T20:31:45 IST" duration-ms="98007">
      <class name="tests.TestTravelPage">
        <test-method is-config="true" signature="setUp()[pri:0, instance:tests.TestTravelPage@57a78e3]" started-at="2024-05-16T20:31:33 IST" name="setUp" finished-at="2024-05-16T20:31:36 IST" duration-ms="2742" status="PASS">
          <reporter-output>
          </reporter-output>
        </test-method> <!-- setUp -->
        <test-method signature="VerifyCartPage()[pri:0, instance:tests.TestTravelPage@57a78e3]" started-at="2024-05-16T20:31:36 IST" name="VerifyCartPage" description="Verify Travel Page" finished-at="2024-05-16T20:31:44 IST" duration-ms="8012" status="PASS">
          <reporter-output>
          </reporter-output>
        </test-method> <!-- VerifyCartPage -->
        <test-method signature="verifyFlightPageElements()[pri:1, instance:tests.TestTravelPage@57a78e3]" started-at="2024-05-16T20:31:44 IST" name="verifyFlightPageElements" description="Verify Flight Page Elements" finished-at="2024-05-16T20:31:44 IST" duration-ms="215" status="PASS">
          <reporter-output>
          </reporter-output>
        </test-method> <!-- verifyFlightPageElements -->
        <test-method is-config="true" signature="tearDown()[pri:0, instance:tests.TestTravelPage@57a78e3]" started-at="2024-05-16T20:31:44 IST" name="tearDown" finished-at="2024-05-16T20:31:45 IST" duration-ms="306" status="PASS">
          <reporter-output>
          </reporter-output>
        </test-method> <!-- tearDown -->
      </class> <!-- tests.TestTravelPage -->
      <class name="tests.TestHomePage">
        <test-method is-config="true" signature="setUp()[pri:0, instance:tests.TestHomePage@16eb3ea3]" started-at="2024-05-16T20:30:07 IST" name="setUp" finished-at="2024-05-16T20:30:11 IST" duration-ms="3986" status="PASS">
          <reporter-output>
          </reporter-output>
        </test-method> <!-- setUp -->
        <test-method signature="verifyHomePageTitle()[pri:1, instance:tests.TestHomePage@16eb3ea3]" started-at="2024-05-16T20:30:11 IST" name="verifyHomePageTitle" description="Verify Flipkart Home Page Title" finished-at="2024-05-16T20:31:33 IST" duration-ms="81994" status="PASS">
          <reporter-output>
          </reporter-output>
        </test-method> <!-- verifyHomePageTitle -->
        <test-method is-config="true" signature="tearDown()[pri:0, instance:tests.TestHomePage@16eb3ea3]" started-at="2024-05-16T20:31:33 IST" name="tearDown" finished-at="2024-05-16T20:31:33 IST" duration-ms="718" status="PASS">
          <reporter-output>
          </reporter-output>
        </test-method> <!-- tearDown -->
      </class> <!-- tests.TestHomePage -->
    </test> <!-- Test -->
  </suite> <!-- Suite -->
</testng-results>
